-------------------------------------------------------------------------------
Test set: com.jdsport.app.test.home.HomePageTest
-------------------------------------------------------------------------------
Tests run: 2, Failures: 0, Errors: 1, Skipped: 0, Time elapsed: 16.885 s <<< FAILURE! - in com.jdsport.app.test.home.HomePageTest
com.jdsport.app.test.home.HomePageTest.hoverOverMensAndSelectShort  Time elapsed: 11.467 s  <<< ERROR!
org.openqa.selenium.NoSuchElementException: 
no such element: Unable to locate element: {"method":"css selector","selector":"a[href='/page/mens/']"}
  (Session info: chrome=91.0.4472.124)
For documentation on this error, please visit: https://www.seleniumhq.org/exceptions/no_such_element.html
Build info: version: '3.141.59', revision: 'e82be7d358', time: '2018-11-14T08:17:03'
System info: host: 'LAPTOP-BV9IO307', ip: '192.168.1.74', os.name: 'Windows 10', os.arch: 'amd64', os.version: '10.0', java.version: '1.8.0_211'
Driver info: org.openqa.selenium.chrome.ChromeDriver
Capabilities {acceptInsecureCerts: false, browserName: chrome, browserVersion: 91.0.4472.124, chrome: {chromedriverVersion: 91.0.4472.101 (af52a90bf870..., userDataDir: C:\Users\44740\AppData\Loca...}, goog:chromeOptions: {debuggerAddress: localhost:57277}, javascriptEnabled: true, networkConnectionEnabled: false, pageLoadStrategy: normal, platform: WINDOWS, platformName: WINDOWS, proxy: Proxy(), setWindowRect: true, strictFileInteractability: false, timeouts: {implicit: 0, pageLoad: 300000, script: 30000}, unhandledPromptBehavior: dismiss and notify, webauthn:extension:largeBlob: true, webauthn:virtualAuthenticators: true}
Session ID: e4d7f6748e476d9c7d09e09a5469ea74
*** Element info: {Using=css selector, value=a[href='/page/mens/']}
	at com.jdsport.app.test.home.HomePageTest.hoverOverMensAndSelectShort(HomePageTest.java:26)

